[0.396s] Invoking command in '/home/redkedy/ros2_ws/src/uav_pack': PYTHONPATH=/home/redkedy/ros2_ws/src/build/uav_pack/prefix_override:/usr/lib/python3/dist-packages/colcon_core/task/python/colcon_distutils_commands:/home/redkedy/ros2_ws/src/install/uav_pack/lib/python3.10/site-packages:${PYTHONPATH} /usr/bin/python3 -W ignore:setup.py install is deprecated -W ignore:easy_install command is deprecated setup.py egg_info --egg-base ../build/uav_pack build --build-base /home/redkedy/ros2_ws/src/build/uav_pack/build install --record /home/redkedy/ros2_ws/src/build/uav_pack/install.log --single-version-externally-managed install_data
[0.536s] running egg_info
[0.536s] creating ../build/uav_pack/uav_pack.egg-info
[0.537s] writing ../build/uav_pack/uav_pack.egg-info/PKG-INFO
[0.537s] writing dependency_links to ../build/uav_pack/uav_pack.egg-info/dependency_links.txt
[0.537s] writing entry points to ../build/uav_pack/uav_pack.egg-info/entry_points.txt
[0.537s] writing requirements to ../build/uav_pack/uav_pack.egg-info/requires.txt
[0.537s] writing top-level names to ../build/uav_pack/uav_pack.egg-info/top_level.txt
[0.537s] writing manifest file '../build/uav_pack/uav_pack.egg-info/SOURCES.txt'
[0.538s] reading manifest file '../build/uav_pack/uav_pack.egg-info/SOURCES.txt'
[0.538s] adding license file 'LICENSE'
[0.538s] writing manifest file '../build/uav_pack/uav_pack.egg-info/SOURCES.txt'
[0.538s] running build
[0.538s] running build_py
[0.538s] creating /home/redkedy/ros2_ws/src/build/uav_pack/build
[0.538s] creating /home/redkedy/ros2_ws/src/build/uav_pack/build/lib
[0.538s] creating /home/redkedy/ros2_ws/src/build/uav_pack/build/lib/uav_pack
[0.538s] copying uav_pack/uav_node.py -> /home/redkedy/ros2_ws/src/build/uav_pack/build/lib/uav_pack
[0.538s] copying uav_pack/my_node.py -> /home/redkedy/ros2_ws/src/build/uav_pack/build/lib/uav_pack
[0.539s] copying uav_pack/__init__.py -> /home/redkedy/ros2_ws/src/build/uav_pack/build/lib/uav_pack
[0.539s] running install
[0.539s] running install_lib
[0.539s] creating /home/redkedy/ros2_ws/src/install/uav_pack/lib/python3.10/site-packages/uav_pack
[0.539s] copying /home/redkedy/ros2_ws/src/build/uav_pack/build/lib/uav_pack/uav_node.py -> /home/redkedy/ros2_ws/src/install/uav_pack/lib/python3.10/site-packages/uav_pack
[0.539s] copying /home/redkedy/ros2_ws/src/build/uav_pack/build/lib/uav_pack/my_node.py -> /home/redkedy/ros2_ws/src/install/uav_pack/lib/python3.10/site-packages/uav_pack
[0.539s] copying /home/redkedy/ros2_ws/src/build/uav_pack/build/lib/uav_pack/__init__.py -> /home/redkedy/ros2_ws/src/install/uav_pack/lib/python3.10/site-packages/uav_pack
[0.540s] byte-compiling /home/redkedy/ros2_ws/src/install/uav_pack/lib/python3.10/site-packages/uav_pack/uav_node.py to uav_node.cpython-310.pyc
[0.542s] byte-compiling /home/redkedy/ros2_ws/src/install/uav_pack/lib/python3.10/site-packages/uav_pack/my_node.py to my_node.cpython-310.pyc
[0.542s] byte-compiling /home/redkedy/ros2_ws/src/install/uav_pack/lib/python3.10/site-packages/uav_pack/__init__.py to __init__.cpython-310.pyc
[0.542s] running install_data
[0.543s] creating /home/redkedy/ros2_ws/src/install/uav_pack/share/ament_index
[0.543s] creating /home/redkedy/ros2_ws/src/install/uav_pack/share/ament_index/resource_index
[0.543s] creating /home/redkedy/ros2_ws/src/install/uav_pack/share/ament_index/resource_index/packages
[0.543s] copying resource/uav_pack -> /home/redkedy/ros2_ws/src/install/uav_pack/share/ament_index/resource_index/packages
[0.543s] copying package.xml -> /home/redkedy/ros2_ws/src/install/uav_pack/share/uav_pack
[0.543s] running install_egg_info
[0.544s] Copying ../build/uav_pack/uav_pack.egg-info to /home/redkedy/ros2_ws/src/install/uav_pack/lib/python3.10/site-packages/uav_pack-0.0.0-py3.10.egg-info
[0.544s] running install_scripts
[0.557s] Installing my_node script to /home/redkedy/ros2_ws/src/install/uav_pack/lib/uav_pack
[0.557s] Installing uav_node script to /home/redkedy/ros2_ws/src/install/uav_pack/lib/uav_pack
[0.557s] writing list of installed files to '/home/redkedy/ros2_ws/src/build/uav_pack/install.log'
[0.573s] Invoked command in '/home/redkedy/ros2_ws/src/uav_pack' returned '0': PYTHONPATH=/home/redkedy/ros2_ws/src/build/uav_pack/prefix_override:/usr/lib/python3/dist-packages/colcon_core/task/python/colcon_distutils_commands:/home/redkedy/ros2_ws/src/install/uav_pack/lib/python3.10/site-packages:${PYTHONPATH} /usr/bin/python3 -W ignore:setup.py install is deprecated -W ignore:easy_install command is deprecated setup.py egg_info --egg-base ../build/uav_pack build --build-base /home/redkedy/ros2_ws/src/build/uav_pack/build install --record /home/redkedy/ros2_ws/src/build/uav_pack/install.log --single-version-externally-managed install_data
