[0.344s] Invoking command in '/home/redkedy/ros2_ws/src/uav_pack': PYTHONPATH=/home/redkedy/ros2_ws/build/uav_pack/prefix_override:/usr/lib/python3/dist-packages/colcon_core/task/python/colcon_distutils_commands:/home/redkedy/ros2_ws/install/uav_pack/lib/python3.10/site-packages:${PYTHONPATH} /usr/bin/python3 -W ignore:setup.py install is deprecated -W ignore:easy_install command is deprecated setup.py egg_info --egg-base ../../build/uav_pack build --build-base /home/redkedy/ros2_ws/build/uav_pack/build install --record /home/redkedy/ros2_ws/build/uav_pack/install.log --single-version-externally-managed install_data
[0.480s] running egg_info
[0.481s] creating ../../build/uav_pack/uav_pack.egg-info
[0.481s] writing ../../build/uav_pack/uav_pack.egg-info/PKG-INFO
[0.481s] writing dependency_links to ../../build/uav_pack/uav_pack.egg-info/dependency_links.txt
[0.481s] writing entry points to ../../build/uav_pack/uav_pack.egg-info/entry_points.txt
[0.481s] writing requirements to ../../build/uav_pack/uav_pack.egg-info/requires.txt
[0.481s] writing top-level names to ../../build/uav_pack/uav_pack.egg-info/top_level.txt
[0.481s] writing manifest file '../../build/uav_pack/uav_pack.egg-info/SOURCES.txt'
[0.482s] reading manifest file '../../build/uav_pack/uav_pack.egg-info/SOURCES.txt'
[0.482s] adding license file 'LICENSE'
[0.482s] writing manifest file '../../build/uav_pack/uav_pack.egg-info/SOURCES.txt'
[0.482s] running build
[0.482s] running build_py
[0.483s] creating /home/redkedy/ros2_ws/build/uav_pack/build
[0.483s] creating /home/redkedy/ros2_ws/build/uav_pack/build/lib
[0.483s] creating /home/redkedy/ros2_ws/build/uav_pack/build/lib/uav_pack
[0.483s] copying uav_pack/my_node.py -> /home/redkedy/ros2_ws/build/uav_pack/build/lib/uav_pack
[0.483s] copying uav_pack/__init__.py -> /home/redkedy/ros2_ws/build/uav_pack/build/lib/uav_pack
[0.483s] running install
[0.483s] running install_lib
[0.483s] creating /home/redkedy/ros2_ws/install/uav_pack/lib/python3.10/site-packages/uav_pack
[0.483s] copying /home/redkedy/ros2_ws/build/uav_pack/build/lib/uav_pack/my_node.py -> /home/redkedy/ros2_ws/install/uav_pack/lib/python3.10/site-packages/uav_pack
[0.483s] copying /home/redkedy/ros2_ws/build/uav_pack/build/lib/uav_pack/__init__.py -> /home/redkedy/ros2_ws/install/uav_pack/lib/python3.10/site-packages/uav_pack
[0.484s] byte-compiling /home/redkedy/ros2_ws/install/uav_pack/lib/python3.10/site-packages/uav_pack/my_node.py to my_node.cpython-310.pyc
[0.484s] byte-compiling /home/redkedy/ros2_ws/install/uav_pack/lib/python3.10/site-packages/uav_pack/__init__.py to __init__.cpython-310.pyc
[0.484s] running install_data
[0.484s] creating /home/redkedy/ros2_ws/install/uav_pack/share/ament_index
[0.484s] creating /home/redkedy/ros2_ws/install/uav_pack/share/ament_index/resource_index
[0.484s] creating /home/redkedy/ros2_ws/install/uav_pack/share/ament_index/resource_index/packages
[0.484s] copying resource/uav_pack -> /home/redkedy/ros2_ws/install/uav_pack/share/ament_index/resource_index/packages
[0.484s] copying package.xml -> /home/redkedy/ros2_ws/install/uav_pack/share/uav_pack
[0.485s] running install_egg_info
[0.486s] Copying ../../build/uav_pack/uav_pack.egg-info to /home/redkedy/ros2_ws/install/uav_pack/lib/python3.10/site-packages/uav_pack-0.0.0-py3.10.egg-info
[0.486s] running install_scripts
[0.500s] Installing my_node script to /home/redkedy/ros2_ws/install/uav_pack/lib/uav_pack
[0.500s] writing list of installed files to '/home/redkedy/ros2_ws/build/uav_pack/install.log'
[0.515s] Invoked command in '/home/redkedy/ros2_ws/src/uav_pack' returned '0': PYTHONPATH=/home/redkedy/ros2_ws/build/uav_pack/prefix_override:/usr/lib/python3/dist-packages/colcon_core/task/python/colcon_distutils_commands:/home/redkedy/ros2_ws/install/uav_pack/lib/python3.10/site-packages:${PYTHONPATH} /usr/bin/python3 -W ignore:setup.py install is deprecated -W ignore:easy_install command is deprecated setup.py egg_info --egg-base ../../build/uav_pack build --build-base /home/redkedy/ros2_ws/build/uav_pack/build install --record /home/redkedy/ros2_ws/build/uav_pack/install.log --single-version-externally-managed install_data
