[0.300s] Invoking command in '/home/ubuntu22/Desktop/Proje/rosR/Proje/ros2_ws/src/uav_pack': PYTHONPATH=/home/ubuntu22/Desktop/Proje/rosR/Proje/build/uav_pack/prefix_override:/usr/lib/python3/dist-packages/colcon_core/task/python/colcon_distutils_commands:/home/ubuntu22/Desktop/Proje/rosR/Proje/install/uav_pack/lib/python3.10/site-packages:${PYTHONPATH} /usr/bin/python3 -W ignore:setup.py install is deprecated -W ignore:easy_install command is deprecated setup.py egg_info --egg-base ../../../build/uav_pack build --build-base /home/ubuntu22/Desktop/Proje/rosR/Proje/build/uav_pack/build install --record /home/ubuntu22/Desktop/Proje/rosR/Proje/build/uav_pack/install.log --single-version-externally-managed install_data
[0.421s] running egg_info
[0.421s] writing ../../../build/uav_pack/uav_pack.egg-info/PKG-INFO
[0.421s] writing dependency_links to ../../../build/uav_pack/uav_pack.egg-info/dependency_links.txt
[0.421s] writing entry points to ../../../build/uav_pack/uav_pack.egg-info/entry_points.txt
[0.421s] writing requirements to ../../../build/uav_pack/uav_pack.egg-info/requires.txt
[0.421s] writing top-level names to ../../../build/uav_pack/uav_pack.egg-info/top_level.txt
[0.422s] reading manifest file '../../../build/uav_pack/uav_pack.egg-info/SOURCES.txt'
[0.422s] adding license file 'LICENSE'
[0.423s] writing manifest file '../../../build/uav_pack/uav_pack.egg-info/SOURCES.txt'
[0.423s] running build
[0.423s] running build_py
[0.423s] copying uav_pack/uav_node.py -> /home/ubuntu22/Desktop/Proje/rosR/Proje/build/uav_pack/build/lib/uav_pack
[0.423s] running install
[0.423s] running install_lib
[0.424s] copying /home/ubuntu22/Desktop/Proje/rosR/Proje/build/uav_pack/build/lib/uav_pack/uav_node.py -> /home/ubuntu22/Desktop/Proje/rosR/Proje/install/uav_pack/lib/python3.10/site-packages/uav_pack
[0.424s] byte-compiling /home/ubuntu22/Desktop/Proje/rosR/Proje/install/uav_pack/lib/python3.10/site-packages/uav_pack/uav_node.py to uav_node.cpython-310.pyc
[0.429s] running install_data
[0.429s] running install_egg_info
[0.430s] removing '/home/ubuntu22/Desktop/Proje/rosR/Proje/install/uav_pack/lib/python3.10/site-packages/uav_pack-0.0.0-py3.10.egg-info' (and everything under it)
[0.430s] Copying ../../../build/uav_pack/uav_pack.egg-info to /home/ubuntu22/Desktop/Proje/rosR/Proje/install/uav_pack/lib/python3.10/site-packages/uav_pack-0.0.0-py3.10.egg-info
[0.430s] running install_scripts
[0.442s] Installing my_node script to /home/ubuntu22/Desktop/Proje/rosR/Proje/install/uav_pack/lib/uav_pack
[0.442s] Installing uav_node script to /home/ubuntu22/Desktop/Proje/rosR/Proje/install/uav_pack/lib/uav_pack
[0.442s] writing list of installed files to '/home/ubuntu22/Desktop/Proje/rosR/Proje/build/uav_pack/install.log'
[0.455s] Invoked command in '/home/ubuntu22/Desktop/Proje/rosR/Proje/ros2_ws/src/uav_pack' returned '0': PYTHONPATH=/home/ubuntu22/Desktop/Proje/rosR/Proje/build/uav_pack/prefix_override:/usr/lib/python3/dist-packages/colcon_core/task/python/colcon_distutils_commands:/home/ubuntu22/Desktop/Proje/rosR/Proje/install/uav_pack/lib/python3.10/site-packages:${PYTHONPATH} /usr/bin/python3 -W ignore:setup.py install is deprecated -W ignore:easy_install command is deprecated setup.py egg_info --egg-base ../../../build/uav_pack build --build-base /home/ubuntu22/Desktop/Proje/rosR/Proje/build/uav_pack/build install --record /home/ubuntu22/Desktop/Proje/rosR/Proje/build/uav_pack/install.log --single-version-externally-managed install_data
