[0.008s] Invoking command in '/home/ubuntu22/Desktop/New Folder/ros2_ws/src/build/rviz_gui': /usr/bin/cmake /home/ubuntu22/Desktop/New Folder/ros2_ws/src/rviz_gui_cpp -DCATKIN_INSTALL_INTO_PREFIX_ROOT=0 -DCMAKE_INSTALL_PREFIX=/home/ubuntu22/Desktop/New Folder/ros2_ws/src/install/rviz_gui
[0.217s] -- The C compiler identification is GNU 11.4.0
[0.344s] -- The CXX compiler identification is GNU 11.4.0
[0.352s] -- Detecting C compiler ABI info
[0.407s] -- Detecting C compiler ABI info - done
[0.414s] -- Check for working C compiler: /usr/bin/cc - skipped
[0.414s] -- Detecting C compile features
[0.415s] -- Detecting C compile features - done
[0.417s] -- Detecting CXX compiler ABI info
[0.472s] -- Detecting CXX compiler ABI info - done
[0.477s] -- Check for working CXX compiler: /usr/bin/c++ - skipped
[0.477s] -- Detecting CXX compile features
[0.477s] -- Detecting CXX compile features - done
[0.493s] -- Found ament_cmake: 1.3.11 (/opt/ros/humble/share/ament_cmake/cmake)
[0.594s] -- Found Python3: /usr/bin/python3 (found version "3.10.12") found components: Interpreter 
[0.665s] -- Found rclcpp: 16.0.12 (/opt/ros/humble/share/rclcpp/cmake)
[0.708s] -- Found rosidl_generator_c: 3.1.6 (/opt/ros/humble/share/rosidl_generator_c/cmake)
[0.719s] -- Found rosidl_adapter: 3.1.6 (/opt/ros/humble/share/rosidl_adapter/cmake)
[0.727s] -- Found rosidl_generator_cpp: 3.1.6 (/opt/ros/humble/share/rosidl_generator_cpp/cmake)
[0.738s] -- Using all available rosidl_typesupport_c: rosidl_typesupport_fastrtps_c;rosidl_typesupport_introspection_c
[0.751s] -- Using all available rosidl_typesupport_cpp: rosidl_typesupport_fastrtps_cpp;rosidl_typesupport_introspection_cpp
[0.787s] -- Found rmw_implementation_cmake: 6.1.2 (/opt/ros/humble/share/rmw_implementation_cmake/cmake)
[0.789s] -- Found rmw_fastrtps_cpp: 6.2.7 (/opt/ros/humble/share/rmw_fastrtps_cpp/cmake)
[0.871s] -- Found OpenSSL: /usr/lib/x86_64-linux-gnu/libcrypto.so (found version "3.0.2")  
[0.890s] -- Found FastRTPS: /opt/ros/humble/include  
[0.915s] -- Using RMW implementation 'rmw_fastrtps_cpp' as default
[0.923s] -- Looking for pthread.h
[1.001s] -- Looking for pthread.h - found
[1.002s] -- Performing Test CMAKE_HAVE_LIBC_PTHREAD
[1.056s] -- Performing Test CMAKE_HAVE_LIBC_PTHREAD - Success
[1.057s] -- Found Threads: TRUE  
[1.121s] -- Found rviz_common: 11.2.17 (/opt/ros/humble/share/rviz_common/cmake)
[1.126s] -- Setting assimp_DIR to: '/opt/ros/humble/share/rviz_assimp_vendor/cmake/../../../opt/rviz_assimp_vendor/lib/cmake/assimp-4.1'
[1.132s] -- Setting OGRE_DIR to: '/opt/ros/humble/share/rviz_ogre_vendor/cmake/../../../opt/rviz_ogre_vendor/lib/OGRE/cmake'
[1.133s] -- Found OGRE
[1.133s] --   static     : OFF
[1.133s] --   components : HLMS;MeshLodGenerator;Overlay;Paging;Property;RTShaderSystem;Terrain;Volume
[1.133s] --   plugins    : Plugin_BSPSceneManager;Plugin_OctreeSceneManager;Plugin_PCZSceneManager;Plugin_ParticleFX;RenderSystem_GL;RenderSystem_GL3Plus;Codec_STBI
[1.133s] --   media      : /opt/ros/humble/opt/rviz_ogre_vendor/share/OGRE/Media
[1.133s] -- OGRE_LIBRARIES: OgreHLMS;OgreMeshLodGenerator;OgreOverlay;OgrePaging;OgreProperty;OgreRTShaderSystem;OgreTerrain;OgreVolume;OgreMain
[1.133s] -- OGRE_LIBRARY_DIRS: /opt/ros/humble/opt/rviz_ogre_vendor/lib
[1.134s] -- OGRE_PLUGINS: Plugin_BSPSceneManager;Plugin_OctreeSceneManager;Plugin_PCZSceneManager;Plugin_ParticleFX;RenderSystem_GL;RenderSystem_GL3Plus;Codec_STBI
[1.134s] -- OGRE_PLUGIN_DIR: /opt/ros/humble/opt/rviz_ogre_vendor/lib/OGRE
[1.134s] -- rviz_ogre_vendor::OgreOverlay for IMPORTED_LOCATION_RELEASE: /opt/ros/humble/opt/rviz_ogre_vendor/lib/libOgreOverlay.so
[1.134s] -- rviz_ogre_vendor::OgreOverlay for IMPORTED_LOCATION_DEBUG: /opt/ros/humble/opt/rviz_ogre_vendor/lib/libOgreOverlay.so
[1.134s] -- rviz_ogre_vendor::OgreMain for IMPORTED_LOCATION_RELEASE: /opt/ros/humble/opt/rviz_ogre_vendor/lib/libOgreMain.so
[1.134s] -- rviz_ogre_vendor::OgreMain for IMPORTED_LOCATION_DEBUG: /opt/ros/humble/opt/rviz_ogre_vendor/lib/libOgreMain.so
[1.134s] -- Could not find freeimage library
[1.146s] -- Found ZLIB: /usr/lib/x86_64-linux-gnu/libz.so (found version "1.2.11") 
[1.149s] -- Found OpenGL: /usr/lib/x86_64-linux-gnu/libOpenGL.so   
[1.215s] -- Found X11: /usr/include   
[1.215s] -- Looking for XOpenDisplay in /usr/lib/x86_64-linux-gnu/libX11.so;/usr/lib/x86_64-linux-gnu/libXext.so
[1.287s] -- Looking for XOpenDisplay in /usr/lib/x86_64-linux-gnu/libX11.so;/usr/lib/x86_64-linux-gnu/libXext.so - found
[1.287s] -- Looking for gethostbyname
[1.334s] -- Looking for gethostbyname - found
[1.334s] -- Looking for connect
[1.378s] -- Looking for connect - found
[1.378s] -- Looking for remove
[1.430s] -- Looking for remove - found
[1.430s] -- Looking for shmat
[1.477s] -- Looking for shmat - found
[1.477s] -- Looking for IceConnectionNumber in ICE
[1.539s] -- Looking for IceConnectionNumber in ICE - found
[1.602s] -- library: /usr/lib/x86_64-linux-gnu/libcurl.so
[1.659s] -- Found Eigen3: TRUE (found version "3.4.0") 
[1.659s] -- Ensuring Eigen3 include directory is part of orocos-kdl CMake target
[1.742s] -- Found rviz_default_plugins: 11.2.17 (/opt/ros/humble/share/rviz_default_plugins/cmake)
[1.847s] -- Configuring done
[1.878s] -- Generating done
[1.878s] [33mCMake Warning:
[1.879s]   Manually-specified variables were not used by the project:
[1.879s] 
[1.879s]     CATKIN_INSTALL_INTO_PREFIX_ROOT
[1.879s] 
[1.879s] [0m
[1.881s] -- Build files have been written to: /home/ubuntu22/Desktop/New Folder/ros2_ws/src/build/rviz_gui
[1.889s] Invoked command in '/home/ubuntu22/Desktop/New Folder/ros2_ws/src/build/rviz_gui' returned '0': /usr/bin/cmake /home/ubuntu22/Desktop/New Folder/ros2_ws/src/rviz_gui_cpp -DCATKIN_INSTALL_INTO_PREFIX_ROOT=0 -DCMAKE_INSTALL_PREFIX=/home/ubuntu22/Desktop/New Folder/ros2_ws/src/install/rviz_gui
[1.891s] Invoking command in '/home/ubuntu22/Desktop/New Folder/ros2_ws/src/build/rviz_gui': /usr/bin/cmake --build /home/ubuntu22/Desktop/New Folder/ros2_ws/src/build/rviz_gui -- -j20 -l20
[1.926s] [ 25%] [34m[1mAutomatic MOC for target rviz_gui_node[0m
[1.973s] [ 25%] Built target rviz_gui_node_autogen
[1.992s] [ 75%] [32mBuilding CXX object CMakeFiles/rviz_gui_node.dir/src/main.cpp.o[0m
[1.992s] [ 75%] [32mBuilding CXX object CMakeFiles/rviz_gui_node.dir/rviz_gui_node_autogen/mocs_compilation.cpp.o[0m
[2.201s] [01m[K/home/ubuntu22/Desktop/New Folder/ros2_ws/src/rviz_gui_cpp/src/main.cpp:9:10:[m[K [01;31m[Kfatal error: [m[Krviz/render_panel.h: No such file or directory
[2.201s]     9 | #include [01;31m[K<rviz/render_panel.h>[m[K
[2.201s]       |          [01;31m[K^~~~~~~~~~~~~~~~~~~~~[m[K
[2.201s] compilation terminated.
[2.203s] gmake[2]: *** [CMakeFiles/rviz_gui_node.dir/build.make:90: CMakeFiles/rviz_gui_node.dir/src/main.cpp.o] Error 1
[2.203s] gmake[1]: *** [CMakeFiles/Makefile2:138: CMakeFiles/rviz_gui_node.dir/all] Error 2
[2.203s] gmake: *** [Makefile:146: all] Error 2
[2.205s] Invoked command in '/home/ubuntu22/Desktop/New Folder/ros2_ws/src/build/rviz_gui' returned '2': /usr/bin/cmake --build /home/ubuntu22/Desktop/New Folder/ros2_ws/src/build/rviz_gui -- -j20 -l20
