running egg_info
creating ../../../build/uav_pack/uav_pack.egg-info
writing ../../../build/uav_pack/uav_pack.egg-info/PKG-INFO
writing dependency_links to ../../../build/uav_pack/uav_pack.egg-info/dependency_links.txt
writing entry points to ../../../build/uav_pack/uav_pack.egg-info/entry_points.txt
writing requirements to ../../../build/uav_pack/uav_pack.egg-info/requires.txt
writing top-level names to ../../../build/uav_pack/uav_pack.egg-info/top_level.txt
writing manifest file '../../../build/uav_pack/uav_pack.egg-info/SOURCES.txt'
reading manifest file '../../../build/uav_pack/uav_pack.egg-info/SOURCES.txt'
adding license file 'LICENSE'
writing manifest file '../../../build/uav_pack/uav_pack.egg-info/SOURCES.txt'
running build
running build_py
creating /home/ubuntu22/Desktop/Proje/rosR/Proje/build/uav_pack/build
creating /home/ubuntu22/Desktop/Proje/rosR/Proje/build/uav_pack/build/lib
creating /home/ubuntu22/Desktop/Proje/rosR/Proje/build/uav_pack/build/lib/uav_pack
copying uav_pack/__init__.py -> /home/ubuntu22/Desktop/Proje/rosR/Proje/build/uav_pack/build/lib/uav_pack
copying uav_pack/my_node.py -> /home/ubuntu22/Desktop/Proje/rosR/Proje/build/uav_pack/build/lib/uav_pack
copying uav_pack/uav_node.py -> /home/ubuntu22/Desktop/Proje/rosR/Proje/build/uav_pack/build/lib/uav_pack
running install
running install_lib
creating /home/ubuntu22/Desktop/Proje/rosR/Proje/install/uav_pack/lib/python3.10/site-packages/uav_pack
copying /home/ubuntu22/Desktop/Proje/rosR/Proje/build/uav_pack/build/lib/uav_pack/__init__.py -> /home/ubuntu22/Desktop/Proje/rosR/Proje/install/uav_pack/lib/python3.10/site-packages/uav_pack
copying /home/ubuntu22/Desktop/Proje/rosR/Proje/build/uav_pack/build/lib/uav_pack/my_node.py -> /home/ubuntu22/Desktop/Proje/rosR/Proje/install/uav_pack/lib/python3.10/site-packages/uav_pack
copying /home/ubuntu22/Desktop/Proje/rosR/Proje/build/uav_pack/build/lib/uav_pack/uav_node.py -> /home/ubuntu22/Desktop/Proje/rosR/Proje/install/uav_pack/lib/python3.10/site-packages/uav_pack
byte-compiling /home/ubuntu22/Desktop/Proje/rosR/Proje/install/uav_pack/lib/python3.10/site-packages/uav_pack/__init__.py to __init__.cpython-310.pyc
byte-compiling /home/ubuntu22/Desktop/Proje/rosR/Proje/install/uav_pack/lib/python3.10/site-packages/uav_pack/my_node.py to my_node.cpython-310.pyc
byte-compiling /home/ubuntu22/Desktop/Proje/rosR/Proje/install/uav_pack/lib/python3.10/site-packages/uav_pack/uav_node.py to uav_node.cpython-310.pyc
running install_data
creating /home/ubuntu22/Desktop/Proje/rosR/Proje/install/uav_pack/share/ament_index
creating /home/ubuntu22/Desktop/Proje/rosR/Proje/install/uav_pack/share/ament_index/resource_index
creating /home/ubuntu22/Desktop/Proje/rosR/Proje/install/uav_pack/share/ament_index/resource_index/packages
copying resource/uav_pack -> /home/ubuntu22/Desktop/Proje/rosR/Proje/install/uav_pack/share/ament_index/resource_index/packages
copying package.xml -> /home/ubuntu22/Desktop/Proje/rosR/Proje/install/uav_pack/share/uav_pack
creating /home/ubuntu22/Desktop/Proje/rosR/Proje/install/uav_pack/share/uav_pack/launch
copying launch/uav_simulation.launch.py -> /home/ubuntu22/Desktop/Proje/rosR/Proje/install/uav_pack/share/uav_pack/launch
running install_egg_info
Copying ../../../build/uav_pack/uav_pack.egg-info to /home/ubuntu22/Desktop/Proje/rosR/Proje/install/uav_pack/lib/python3.10/site-packages/uav_pack-0.0.0-py3.10.egg-info
running install_scripts
Installing my_node script to /home/ubuntu22/Desktop/Proje/rosR/Proje/install/uav_pack/lib/uav_pack
Installing uav_node script to /home/ubuntu22/Desktop/Proje/rosR/Proje/install/uav_pack/lib/uav_pack
writing list of installed files to '/home/ubuntu22/Desktop/Proje/rosR/Proje/build/uav_pack/install.log'
