[0.304s] Invoking command in '/home/ubuntu22/Desktop/Proje/rosR/Proje/ros2_ws/src/uav_pack': PYTHONPATH=/home/ubuntu22/Desktop/Proje/rosR/Proje/build/uav_pack/prefix_override:/usr/lib/python3/dist-packages/colcon_core/task/python/colcon_distutils_commands:/home/ubuntu22/Desktop/Proje/rosR/Proje/install/uav_pack/lib/python3.10/site-packages:${PYTHONPATH} /usr/bin/python3 -W ignore:setup.py install is deprecated -W ignore:easy_install command is deprecated setup.py egg_info --egg-base ../../../build/uav_pack build --build-base /home/ubuntu22/Desktop/Proje/rosR/Proje/build/uav_pack/build install --record /home/ubuntu22/Desktop/Proje/rosR/Proje/build/uav_pack/install.log --single-version-externally-managed install_data
[0.420s] running egg_info
[0.420s] creating ../../../build/uav_pack/uav_pack.egg-info
[0.420s] writing ../../../build/uav_pack/uav_pack.egg-info/PKG-INFO
[0.420s] writing dependency_links to ../../../build/uav_pack/uav_pack.egg-info/dependency_links.txt
[0.420s] writing entry points to ../../../build/uav_pack/uav_pack.egg-info/entry_points.txt
[0.420s] writing requirements to ../../../build/uav_pack/uav_pack.egg-info/requires.txt
[0.420s] writing top-level names to ../../../build/uav_pack/uav_pack.egg-info/top_level.txt
[0.420s] writing manifest file '../../../build/uav_pack/uav_pack.egg-info/SOURCES.txt'
[0.421s] reading manifest file '../../../build/uav_pack/uav_pack.egg-info/SOURCES.txt'
[0.421s] adding license file 'LICENSE'
[0.421s] writing manifest file '../../../build/uav_pack/uav_pack.egg-info/SOURCES.txt'
[0.421s] running build
[0.421s] running build_py
[0.421s] creating /home/ubuntu22/Desktop/Proje/rosR/Proje/build/uav_pack/build
[0.422s] creating /home/ubuntu22/Desktop/Proje/rosR/Proje/build/uav_pack/build/lib
[0.422s] creating /home/ubuntu22/Desktop/Proje/rosR/Proje/build/uav_pack/build/lib/uav_pack
[0.422s] copying uav_pack/__init__.py -> /home/ubuntu22/Desktop/Proje/rosR/Proje/build/uav_pack/build/lib/uav_pack
[0.422s] copying uav_pack/my_node.py -> /home/ubuntu22/Desktop/Proje/rosR/Proje/build/uav_pack/build/lib/uav_pack
[0.422s] copying uav_pack/uav_node.py -> /home/ubuntu22/Desktop/Proje/rosR/Proje/build/uav_pack/build/lib/uav_pack
[0.422s] running install
[0.422s] running install_lib
[0.422s] creating /home/ubuntu22/Desktop/Proje/rosR/Proje/install/uav_pack/lib/python3.10/site-packages/uav_pack
[0.422s] copying /home/ubuntu22/Desktop/Proje/rosR/Proje/build/uav_pack/build/lib/uav_pack/__init__.py -> /home/ubuntu22/Desktop/Proje/rosR/Proje/install/uav_pack/lib/python3.10/site-packages/uav_pack
[0.422s] copying /home/ubuntu22/Desktop/Proje/rosR/Proje/build/uav_pack/build/lib/uav_pack/my_node.py -> /home/ubuntu22/Desktop/Proje/rosR/Proje/install/uav_pack/lib/python3.10/site-packages/uav_pack
[0.422s] copying /home/ubuntu22/Desktop/Proje/rosR/Proje/build/uav_pack/build/lib/uav_pack/uav_node.py -> /home/ubuntu22/Desktop/Proje/rosR/Proje/install/uav_pack/lib/python3.10/site-packages/uav_pack
[0.423s] byte-compiling /home/ubuntu22/Desktop/Proje/rosR/Proje/install/uav_pack/lib/python3.10/site-packages/uav_pack/__init__.py to __init__.cpython-310.pyc
[0.423s] byte-compiling /home/ubuntu22/Desktop/Proje/rosR/Proje/install/uav_pack/lib/python3.10/site-packages/uav_pack/my_node.py to my_node.cpython-310.pyc
[0.423s] byte-compiling /home/ubuntu22/Desktop/Proje/rosR/Proje/install/uav_pack/lib/python3.10/site-packages/uav_pack/uav_node.py to uav_node.cpython-310.pyc
[0.427s] running install_data
[0.427s] creating /home/ubuntu22/Desktop/Proje/rosR/Proje/install/uav_pack/share/ament_index
[0.427s] creating /home/ubuntu22/Desktop/Proje/rosR/Proje/install/uav_pack/share/ament_index/resource_index
[0.427s] creating /home/ubuntu22/Desktop/Proje/rosR/Proje/install/uav_pack/share/ament_index/resource_index/packages
[0.427s] copying resource/uav_pack -> /home/ubuntu22/Desktop/Proje/rosR/Proje/install/uav_pack/share/ament_index/resource_index/packages
[0.427s] copying package.xml -> /home/ubuntu22/Desktop/Proje/rosR/Proje/install/uav_pack/share/uav_pack
[0.427s] creating /home/ubuntu22/Desktop/Proje/rosR/Proje/install/uav_pack/share/uav_pack/launch
[0.427s] copying launch/uav_simulation.launch.py -> /home/ubuntu22/Desktop/Proje/rosR/Proje/install/uav_pack/share/uav_pack/launch
[0.427s] running install_egg_info
[0.428s] Copying ../../../build/uav_pack/uav_pack.egg-info to /home/ubuntu22/Desktop/Proje/rosR/Proje/install/uav_pack/lib/python3.10/site-packages/uav_pack-0.0.0-py3.10.egg-info
[0.428s] running install_scripts
[0.441s] Installing my_node script to /home/ubuntu22/Desktop/Proje/rosR/Proje/install/uav_pack/lib/uav_pack
[0.441s] Installing uav_node script to /home/ubuntu22/Desktop/Proje/rosR/Proje/install/uav_pack/lib/uav_pack
[0.441s] writing list of installed files to '/home/ubuntu22/Desktop/Proje/rosR/Proje/build/uav_pack/install.log'
[0.456s] Invoked command in '/home/ubuntu22/Desktop/Proje/rosR/Proje/ros2_ws/src/uav_pack' returned '0': PYTHONPATH=/home/ubuntu22/Desktop/Proje/rosR/Proje/build/uav_pack/prefix_override:/usr/lib/python3/dist-packages/colcon_core/task/python/colcon_distutils_commands:/home/ubuntu22/Desktop/Proje/rosR/Proje/install/uav_pack/lib/python3.10/site-packages:${PYTHONPATH} /usr/bin/python3 -W ignore:setup.py install is deprecated -W ignore:easy_install command is deprecated setup.py egg_info --egg-base ../../../build/uav_pack build --build-base /home/ubuntu22/Desktop/Proje/rosR/Proje/build/uav_pack/build install --record /home/ubuntu22/Desktop/Proje/rosR/Proje/build/uav_pack/install.log --single-version-externally-managed install_data
