[0.348s] Invoking command in '/home/redkedy/ros2_ws/src/uav_pack': PYTHONPATH=/home/redkedy/ros2_ws/src/build/uav_pack/prefix_override:/usr/lib/python3/dist-packages/colcon_core/task/python/colcon_distutils_commands:/home/redkedy/ros2_ws/src/install/uav_pack/lib/python3.10/site-packages:${PYTHONPATH} /usr/bin/python3 -W ignore:setup.py install is deprecated -W ignore:easy_install command is deprecated setup.py egg_info --egg-base ../build/uav_pack build --build-base /home/redkedy/ros2_ws/src/build/uav_pack/build install --record /home/redkedy/ros2_ws/src/build/uav_pack/install.log --single-version-externally-managed install_data
[0.485s] running egg_info
[0.485s] writing ../build/uav_pack/uav_pack.egg-info/PKG-INFO
[0.485s] writing dependency_links to ../build/uav_pack/uav_pack.egg-info/dependency_links.txt
[0.485s] writing entry points to ../build/uav_pack/uav_pack.egg-info/entry_points.txt
[0.485s] writing requirements to ../build/uav_pack/uav_pack.egg-info/requires.txt
[0.485s] writing top-level names to ../build/uav_pack/uav_pack.egg-info/top_level.txt
[0.486s] reading manifest file '../build/uav_pack/uav_pack.egg-info/SOURCES.txt'
[0.486s] adding license file 'LICENSE'
[0.487s] writing manifest file '../build/uav_pack/uav_pack.egg-info/SOURCES.txt'
[0.487s] running build
[0.487s] running build_py
[0.487s] copying uav_pack/uav_node.py -> /home/redkedy/ros2_ws/src/build/uav_pack/build/lib/uav_pack
[0.487s] running install
[0.487s] running install_lib
[0.487s] copying /home/redkedy/ros2_ws/src/build/uav_pack/build/lib/uav_pack/uav_node.py -> /home/redkedy/ros2_ws/src/install/uav_pack/lib/python3.10/site-packages/uav_pack
[0.488s] byte-compiling /home/redkedy/ros2_ws/src/install/uav_pack/lib/python3.10/site-packages/uav_pack/uav_node.py to uav_node.cpython-310.pyc
[0.490s] running install_data
[0.491s] running install_egg_info
[0.491s] removing '/home/redkedy/ros2_ws/src/install/uav_pack/lib/python3.10/site-packages/uav_pack-0.0.0-py3.10.egg-info' (and everything under it)
[0.492s] Copying ../build/uav_pack/uav_pack.egg-info to /home/redkedy/ros2_ws/src/install/uav_pack/lib/python3.10/site-packages/uav_pack-0.0.0-py3.10.egg-info
[0.492s] running install_scripts
[0.505s] Installing my_node script to /home/redkedy/ros2_ws/src/install/uav_pack/lib/uav_pack
[0.505s] Installing uav_node script to /home/redkedy/ros2_ws/src/install/uav_pack/lib/uav_pack
[0.505s] writing list of installed files to '/home/redkedy/ros2_ws/src/build/uav_pack/install.log'
[0.521s] Invoked command in '/home/redkedy/ros2_ws/src/uav_pack' returned '0': PYTHONPATH=/home/redkedy/ros2_ws/src/build/uav_pack/prefix_override:/usr/lib/python3/dist-packages/colcon_core/task/python/colcon_distutils_commands:/home/redkedy/ros2_ws/src/install/uav_pack/lib/python3.10/site-packages:${PYTHONPATH} /usr/bin/python3 -W ignore:setup.py install is deprecated -W ignore:easy_install command is deprecated setup.py egg_info --egg-base ../build/uav_pack build --build-base /home/redkedy/ros2_ws/src/build/uav_pack/build install --record /home/redkedy/ros2_ws/src/build/uav_pack/install.log --single-version-externally-managed install_data
