[0.057s] DEBUG:colcon:Command line arguments: ['/usr/bin/colcon', 'build', '--packages-select', 'rviz_gui']
[0.057s] DEBUG:colcon:Parsed command line arguments: Namespace(log_base=None, log_level=None, verb_name='build', build_base='build', install_base='install', merge_install=False, symlink_install=False, test_result_base=None, continue_on_error=False, executor='parallel', parallel_workers=20, event_handlers=None, ignore_user_meta=False, metas=['./colcon.meta'], base_paths=['.'], packages_ignore=None, packages_ignore_regex=None, paths=None, packages_up_to=None, packages_up_to_regex=None, packages_above=None, packages_above_and_dependencies=None, packages_above_depth=None, packages_select_by_dep=None, packages_skip_by_dep=None, packages_skip_up_to=None, packages_select_build_failed=False, packages_skip_build_finished=False, packages_select_test_failures=False, packages_skip_test_passed=False, packages_select=['rviz_gui'], packages_skip=None, packages_select_regex=None, packages_skip_regex=None, packages_start=None, packages_end=None, allow_overriding=[], cmake_args=None, cmake_target=None, cmake_target_skip_unavailable=False, cmake_clean_cache=False, cmake_clean_first=False, cmake_force_configure=False, ament_cmake_args=None, catkin_cmake_args=None, catkin_skip_building_tests=False, mixin_files=None, mixin=None, verb_parser=<colcon_mixin.mixin.mixin_argument.MixinArgumentDecorator object at 0x7fcacd6f5450>, verb_extension=<colcon_core.verb.build.BuildVerb object at 0x7fcacd6f46a0>, main=<bound method BuildVerb.main of <colcon_core.verb.build.BuildVerb object at 0x7fcacd6f46a0>>, mixin_verb=('build',))
[0.142s] Level 1:colcon.colcon_core.package_discovery:discover_packages(colcon_meta) check parameters
[0.142s] Level 1:colcon.colcon_core.package_discovery:discover_packages(recursive) check parameters
[0.142s] Level 1:colcon.colcon_core.package_discovery:discover_packages(ignore) check parameters
[0.142s] Level 1:colcon.colcon_core.package_discovery:discover_packages(path) check parameters
[0.142s] Level 1:colcon.colcon_core.package_discovery:discover_packages(colcon_meta) discover
[0.142s] Level 1:colcon.colcon_core.package_discovery:discover_packages(recursive) discover
[0.142s] INFO:colcon.colcon_core.package_discovery:Crawling recursively for packages in '/home/ubuntu22/Desktop/New Folder/ros2_ws/src'
[0.142s] Level 1:colcon.colcon_core.package_identification:_identify(.) by extensions ['ignore', 'ignore_ament_install']
[0.142s] Level 1:colcon.colcon_core.package_identification:_identify(.) by extension 'ignore'
[0.142s] Level 1:colcon.colcon_core.package_identification:_identify(.) by extension 'ignore_ament_install'
[0.142s] Level 1:colcon.colcon_core.package_identification:_identify(.) by extensions ['colcon_pkg']
[0.142s] Level 1:colcon.colcon_core.package_identification:_identify(.) by extension 'colcon_pkg'
[0.142s] Level 1:colcon.colcon_core.package_identification:_identify(.) by extensions ['colcon_meta']
[0.142s] Level 1:colcon.colcon_core.package_identification:_identify(.) by extension 'colcon_meta'
[0.142s] Level 1:colcon.colcon_core.package_identification:_identify(.) by extensions ['ros']
[0.142s] Level 1:colcon.colcon_core.package_identification:_identify(.) by extension 'ros'
[0.149s] Level 1:colcon.colcon_core.package_identification:_identify(.) by extensions ['cmake', 'python']
[0.149s] Level 1:colcon.colcon_core.package_identification:_identify(.) by extension 'cmake'
[0.149s] Level 1:colcon.colcon_core.package_identification:_identify(.) by extension 'python'
[0.149s] Level 1:colcon.colcon_core.package_identification:_identify(.) by extensions ['python_setup_py']
[0.149s] Level 1:colcon.colcon_core.package_identification:_identify(.) by extension 'python_setup_py'
[0.149s] Level 1:colcon.colcon_core.package_identification:_identify(build) by extensions ['ignore', 'ignore_ament_install']
[0.149s] Level 1:colcon.colcon_core.package_identification:_identify(build) by extension 'ignore'
[0.149s] Level 1:colcon.colcon_core.package_identification:_identify(build) ignored
[0.149s] Level 1:colcon.colcon_core.package_identification:_identify(install) by extensions ['ignore', 'ignore_ament_install']
[0.149s] Level 1:colcon.colcon_core.package_identification:_identify(install) by extension 'ignore'
[0.149s] Level 1:colcon.colcon_core.package_identification:_identify(install) ignored
[0.149s] Level 1:colcon.colcon_core.package_identification:_identify(log) by extensions ['ignore', 'ignore_ament_install']
[0.149s] Level 1:colcon.colcon_core.package_identification:_identify(log) by extension 'ignore'
[0.149s] Level 1:colcon.colcon_core.package_identification:_identify(log) ignored
[0.149s] Level 1:colcon.colcon_core.package_identification:_identify(rviz_gui_cpp) by extensions ['ignore', 'ignore_ament_install']
[0.150s] Level 1:colcon.colcon_core.package_identification:_identify(rviz_gui_cpp) by extension 'ignore'
[0.150s] Level 1:colcon.colcon_core.package_identification:_identify(rviz_gui_cpp) by extension 'ignore_ament_install'
[0.150s] Level 1:colcon.colcon_core.package_identification:_identify(rviz_gui_cpp) by extensions ['colcon_pkg']
[0.150s] Level 1:colcon.colcon_core.package_identification:_identify(rviz_gui_cpp) by extension 'colcon_pkg'
[0.150s] Level 1:colcon.colcon_core.package_identification:_identify(rviz_gui_cpp) by extensions ['colcon_meta']
[0.150s] Level 1:colcon.colcon_core.package_identification:_identify(rviz_gui_cpp) by extension 'colcon_meta'
[0.150s] Level 1:colcon.colcon_core.package_identification:_identify(rviz_gui_cpp) by extensions ['ros']
[0.150s] Level 1:colcon.colcon_core.package_identification:_identify(rviz_gui_cpp) by extension 'ros'
[0.152s] DEBUG:colcon.colcon_core.package_identification:Package 'rviz_gui_cpp' with type 'ros.catkin' and name 'rviz_gui'
[0.152s] Level 1:colcon.colcon_core.package_identification:_identify(uav_pack) by extensions ['ignore', 'ignore_ament_install']
[0.152s] Level 1:colcon.colcon_core.package_identification:_identify(uav_pack) by extension 'ignore'
[0.152s] Level 1:colcon.colcon_core.package_identification:_identify(uav_pack) by extension 'ignore_ament_install'
[0.152s] Level 1:colcon.colcon_core.package_identification:_identify(uav_pack) by extensions ['colcon_pkg']
[0.152s] Level 1:colcon.colcon_core.package_identification:_identify(uav_pack) by extension 'colcon_pkg'
[0.152s] Level 1:colcon.colcon_core.package_identification:_identify(uav_pack) by extensions ['colcon_meta']
[0.152s] Level 1:colcon.colcon_core.package_identification:_identify(uav_pack) by extension 'colcon_meta'
[0.152s] Level 1:colcon.colcon_core.package_identification:_identify(uav_pack) by extensions ['ros']
[0.152s] Level 1:colcon.colcon_core.package_identification:_identify(uav_pack) by extension 'ros'
[0.153s] DEBUG:colcon.colcon_core.package_identification:Package 'uav_pack' with type 'ros.ament_python' and name 'uav_pack'
[0.153s] Level 1:colcon.colcon_core.package_discovery:discover_packages(recursive) using defaults
[0.153s] Level 1:colcon.colcon_core.package_discovery:discover_packages(ignore) discover
[0.153s] Level 1:colcon.colcon_core.package_discovery:discover_packages(ignore) using defaults
[0.153s] Level 1:colcon.colcon_core.package_discovery:discover_packages(path) discover
[0.153s] Level 1:colcon.colcon_core.package_discovery:discover_packages(path) using defaults
[0.171s] INFO:colcon.colcon_core.package_selection:Skipping not selected package 'uav_pack' in 'uav_pack'
[0.172s] Level 1:colcon.colcon_core.package_discovery:discover_packages(prefix_path) check parameters
[0.172s] Level 1:colcon.colcon_core.package_discovery:discover_packages(prefix_path) discover
[0.173s] DEBUG:colcon.colcon_installed_package_information.package_discovery:Found 271 installed packages in /opt/ros/humble
[0.173s] Level 1:colcon.colcon_core.package_discovery:discover_packages(prefix_path) using defaults
[0.191s] Level 5:colcon.colcon_core.verb:set package 'rviz_gui' build argument 'cmake_args' from command line to 'None'
[0.191s] Level 5:colcon.colcon_core.verb:set package 'rviz_gui' build argument 'cmake_target' from command line to 'None'
[0.191s] Level 5:colcon.colcon_core.verb:set package 'rviz_gui' build argument 'cmake_target_skip_unavailable' from command line to 'False'
[0.191s] Level 5:colcon.colcon_core.verb:set package 'rviz_gui' build argument 'cmake_clean_cache' from command line to 'False'
[0.191s] Level 5:colcon.colcon_core.verb:set package 'rviz_gui' build argument 'cmake_clean_first' from command line to 'False'
[0.191s] Level 5:colcon.colcon_core.verb:set package 'rviz_gui' build argument 'cmake_force_configure' from command line to 'False'
[0.191s] Level 5:colcon.colcon_core.verb:set package 'rviz_gui' build argument 'ament_cmake_args' from command line to 'None'
[0.191s] Level 5:colcon.colcon_core.verb:set package 'rviz_gui' build argument 'catkin_cmake_args' from command line to 'None'
[0.191s] Level 5:colcon.colcon_core.verb:set package 'rviz_gui' build argument 'catkin_skip_building_tests' from command line to 'False'
[0.191s] DEBUG:colcon.colcon_core.verb:Building package 'rviz_gui' with the following arguments: {'ament_cmake_args': None, 'build_base': '/home/ubuntu22/Desktop/New Folder/ros2_ws/src/build/rviz_gui', 'catkin_cmake_args': None, 'catkin_skip_building_tests': False, 'cmake_args': None, 'cmake_clean_cache': False, 'cmake_clean_first': False, 'cmake_force_configure': False, 'cmake_target': None, 'cmake_target_skip_unavailable': False, 'install_base': '/home/ubuntu22/Desktop/New Folder/ros2_ws/src/install/rviz_gui', 'merge_install': False, 'path': '/home/ubuntu22/Desktop/New Folder/ros2_ws/src/rviz_gui_cpp', 'symlink_install': False, 'test_result_base': None}
[0.192s] INFO:colcon.colcon_core.executor:Executing jobs using 'parallel' executor
[0.192s] DEBUG:colcon.colcon_parallel_executor.executor.parallel:run_until_complete
[0.192s] INFO:colcon.colcon_ros.task.catkin.build:Building ROS package in '/home/ubuntu22/Desktop/New Folder/ros2_ws/src/rviz_gui_cpp' with build type 'catkin'
[0.193s] INFO:colcon.colcon_cmake.task.cmake.build:Building CMake package in '/home/ubuntu22/Desktop/New Folder/ros2_ws/src/rviz_gui_cpp'
[0.194s] INFO:colcon.colcon_core.plugin_system:Skipping extension 'colcon_core.shell.bat': Not used on non-Windows systems
[0.194s] INFO:colcon.colcon_core.shell:Skip shell extension 'powershell' for command environment: Not usable outside of PowerShell
[0.194s] DEBUG:colcon.colcon_core.shell:Skip shell extension 'dsv' for command environment
[0.201s] DEBUG:colcon.colcon_core.event_handler.log_command:Invoking command in '/home/ubuntu22/Desktop/New Folder/ros2_ws/src/build/rviz_gui': /usr/bin/cmake /home/ubuntu22/Desktop/New Folder/ros2_ws/src/rviz_gui_cpp -DCATKIN_INSTALL_INTO_PREFIX_ROOT=0 -DCMAKE_INSTALL_PREFIX=/home/ubuntu22/Desktop/New Folder/ros2_ws/src/install/rviz_gui
[2.082s] DEBUG:colcon.colcon_core.event_handler.log_command:Invoked command in '/home/ubuntu22/Desktop/New Folder/ros2_ws/src/build/rviz_gui' returned '0': /usr/bin/cmake /home/ubuntu22/Desktop/New Folder/ros2_ws/src/rviz_gui_cpp -DCATKIN_INSTALL_INTO_PREFIX_ROOT=0 -DCMAKE_INSTALL_PREFIX=/home/ubuntu22/Desktop/New Folder/ros2_ws/src/install/rviz_gui
[2.084s] DEBUG:colcon.colcon_core.event_handler.log_command:Invoking command in '/home/ubuntu22/Desktop/New Folder/ros2_ws/src/build/rviz_gui': /usr/bin/cmake --build /home/ubuntu22/Desktop/New Folder/ros2_ws/src/build/rviz_gui -- -j20 -l20
[2.398s] DEBUG:colcon.colcon_core.event_handler.log_command:Invoked command in '/home/ubuntu22/Desktop/New Folder/ros2_ws/src/build/rviz_gui' returned '2': /usr/bin/cmake --build /home/ubuntu22/Desktop/New Folder/ros2_ws/src/build/rviz_gui -- -j20 -l20
[2.398s] Level 1:colcon.colcon_core.shell:create_environment_hook('rviz_gui', 'ros_package_path')
[2.398s] INFO:colcon.colcon_core.shell:Creating environment hook '/home/ubuntu22/Desktop/New Folder/ros2_ws/src/install/rviz_gui/share/rviz_gui/hook/ros_package_path.ps1'
[2.398s] INFO:colcon.colcon_core.shell:Creating environment descriptor '/home/ubuntu22/Desktop/New Folder/ros2_ws/src/install/rviz_gui/share/rviz_gui/hook/ros_package_path.dsv'
[2.399s] INFO:colcon.colcon_core.shell:Creating environment hook '/home/ubuntu22/Desktop/New Folder/ros2_ws/src/install/rviz_gui/share/rviz_gui/hook/ros_package_path.sh'
[2.399s] Level 1:colcon.colcon_core.shell:create_environment_hook('rviz_gui', 'pkg_config_path')
[2.399s] INFO:colcon.colcon_core.shell:Creating environment hook '/home/ubuntu22/Desktop/New Folder/ros2_ws/src/install/rviz_gui/share/rviz_gui/hook/pkg_config_path.ps1'
[2.400s] INFO:colcon.colcon_core.shell:Creating environment descriptor '/home/ubuntu22/Desktop/New Folder/ros2_ws/src/install/rviz_gui/share/rviz_gui/hook/pkg_config_path.dsv'
[2.400s] INFO:colcon.colcon_core.shell:Creating environment hook '/home/ubuntu22/Desktop/New Folder/ros2_ws/src/install/rviz_gui/share/rviz_gui/hook/pkg_config_path.sh'
[2.401s] Level 1:colcon.colcon_core.shell:create_environment_hook('rviz_gui', 'pkg_config_path_multiarch')
[2.401s] INFO:colcon.colcon_core.shell:Creating environment hook '/home/ubuntu22/Desktop/New Folder/ros2_ws/src/install/rviz_gui/share/rviz_gui/hook/pkg_config_path_multiarch.ps1'
[2.401s] INFO:colcon.colcon_core.shell:Creating environment descriptor '/home/ubuntu22/Desktop/New Folder/ros2_ws/src/install/rviz_gui/share/rviz_gui/hook/pkg_config_path_multiarch.dsv'
[2.402s] INFO:colcon.colcon_core.shell:Creating environment hook '/home/ubuntu22/Desktop/New Folder/ros2_ws/src/install/rviz_gui/share/rviz_gui/hook/pkg_config_path_multiarch.sh'
[2.403s] Level 1:colcon.colcon_core.environment:create_environment_scripts_only(rviz_gui)
[2.405s] Level 1:colcon.colcon_core.environment:checking '/home/ubuntu22/Desktop/New Folder/ros2_ws/src/install/rviz_gui' for CMake module files
[2.405s] Level 1:colcon.colcon_core.environment:checking '/home/ubuntu22/Desktop/New Folder/ros2_ws/src/install/rviz_gui' for CMake config files
[2.405s] Level 1:colcon.colcon_core.environment:checking '/home/ubuntu22/Desktop/New Folder/ros2_ws/src/install/rviz_gui/bin'
[2.405s] Level 1:colcon.colcon_core.environment:checking '/home/ubuntu22/Desktop/New Folder/ros2_ws/src/install/rviz_gui/lib/pkgconfig/rviz_gui.pc'
[2.406s] Level 1:colcon.colcon_core.environment:checking '/home/ubuntu22/Desktop/New Folder/ros2_ws/src/install/rviz_gui/lib/python3.10/site-packages'
[2.406s] Level 1:colcon.colcon_core.environment:checking '/home/ubuntu22/Desktop/New Folder/ros2_ws/src/install/rviz_gui/bin'
[2.406s] INFO:colcon.colcon_core.shell:Creating package script '/home/ubuntu22/Desktop/New Folder/ros2_ws/src/install/rviz_gui/share/rviz_gui/package.ps1'
[2.407s] INFO:colcon.colcon_core.shell:Creating package descriptor '/home/ubuntu22/Desktop/New Folder/ros2_ws/src/install/rviz_gui/share/rviz_gui/package.dsv'
[2.408s] INFO:colcon.colcon_core.shell:Creating package script '/home/ubuntu22/Desktop/New Folder/ros2_ws/src/install/rviz_gui/share/rviz_gui/package.sh'
[2.408s] INFO:colcon.colcon_core.shell:Creating package script '/home/ubuntu22/Desktop/New Folder/ros2_ws/src/install/rviz_gui/share/rviz_gui/package.bash'
[2.409s] INFO:colcon.colcon_core.shell:Creating package script '/home/ubuntu22/Desktop/New Folder/ros2_ws/src/install/rviz_gui/share/rviz_gui/package.zsh'
[2.409s] Level 1:colcon.colcon_core.environment:create_file_with_runtime_dependencies(/home/ubuntu22/Desktop/New Folder/ros2_ws/src/install/rviz_gui/share/colcon-core/packages/rviz_gui)
[2.420s] DEBUG:colcon.colcon_parallel_executor.executor.parallel:closing loop
[2.420s] DEBUG:colcon.colcon_parallel_executor.executor.parallel:loop closed
[2.420s] DEBUG:colcon.colcon_parallel_executor.executor.parallel:run_until_complete finished with '2'
[2.420s] DEBUG:colcon.colcon_core.event_reactor:joining thread
[2.425s] INFO:colcon.colcon_core.plugin_system:Skipping extension 'colcon_notification.desktop_notification.terminal_notifier': Not used on non-Darwin systems
[2.425s] INFO:colcon.colcon_core.plugin_system:Skipping extension 'colcon_notification.desktop_notification.win32': Not used on non-Windows systems
[2.425s] INFO:colcon.colcon_notification.desktop_notification:Sending desktop notification using 'notify2'
[2.439s] DEBUG:colcon.colcon_core.event_reactor:joined thread
[2.439s] INFO:colcon.colcon_core.shell:Creating prefix script '/home/ubuntu22/Desktop/New Folder/ros2_ws/src/install/local_setup.ps1'
[2.440s] INFO:colcon.colcon_core.shell:Creating prefix util module '/home/ubuntu22/Desktop/New Folder/ros2_ws/src/install/_local_setup_util_ps1.py'
[2.441s] INFO:colcon.colcon_core.shell:Creating prefix chain script '/home/ubuntu22/Desktop/New Folder/ros2_ws/src/install/setup.ps1'
[2.441s] INFO:colcon.colcon_core.shell:Creating prefix script '/home/ubuntu22/Desktop/New Folder/ros2_ws/src/install/local_setup.sh'
[2.441s] INFO:colcon.colcon_core.shell:Creating prefix util module '/home/ubuntu22/Desktop/New Folder/ros2_ws/src/install/_local_setup_util_sh.py'
[2.442s] INFO:colcon.colcon_core.shell:Creating prefix chain script '/home/ubuntu22/Desktop/New Folder/ros2_ws/src/install/setup.sh'
[2.443s] INFO:colcon.colcon_core.shell:Creating prefix script '/home/ubuntu22/Desktop/New Folder/ros2_ws/src/install/local_setup.bash'
[2.443s] INFO:colcon.colcon_core.shell:Creating prefix chain script '/home/ubuntu22/Desktop/New Folder/ros2_ws/src/install/setup.bash'
[2.444s] INFO:colcon.colcon_core.shell:Creating prefix script '/home/ubuntu22/Desktop/New Folder/ros2_ws/src/install/local_setup.zsh'
[2.444s] INFO:colcon.colcon_core.shell:Creating prefix chain script '/home/ubuntu22/Desktop/New Folder/ros2_ws/src/install/setup.zsh'
