running egg_info
writing ../../build/uav_pack/uav_pack.egg-info/PKG-INFO
writing dependency_links to ../../build/uav_pack/uav_pack.egg-info/dependency_links.txt
writing entry points to ../../build/uav_pack/uav_pack.egg-info/entry_points.txt
writing requirements to ../../build/uav_pack/uav_pack.egg-info/requires.txt
writing top-level names to ../../build/uav_pack/uav_pack.egg-info/top_level.txt
reading manifest file '../../build/uav_pack/uav_pack.egg-info/SOURCES.txt'
adding license file 'LICENSE'
writing manifest file '../../build/uav_pack/uav_pack.egg-info/SOURCES.txt'
running build
running build_py
running install
running install_lib
running install_data
running install_egg_info
removing '/home/ubuntu22/Desktop/New Folder/ros2_ws/install/uav_pack/lib/python3.10/site-packages/uav_pack-0.0.0-py3.10.egg-info' (and everything under it)
Copying ../../build/uav_pack/uav_pack.egg-info to /home/ubuntu22/Desktop/New Folder/ros2_ws/install/uav_pack/lib/python3.10/site-packages/uav_pack-0.0.0-py3.10.egg-info
running install_scripts
Installing my_node script to /home/ubuntu22/Desktop/New Folder/ros2_ws/install/uav_pack/lib/uav_pack
Installing uav_node script to /home/ubuntu22/Desktop/New Folder/ros2_ws/install/uav_pack/lib/uav_pack
writing list of installed files to '/home/ubuntu22/Desktop/New Folder/ros2_ws/build/uav_pack/install.log'
