[0.354s] Invoking command in '/home/redkedy/ros2_ws/src/uav_pack': PYTHONPATH=/home/redkedy/ros2_ws/src/build/uav_pack/prefix_override:/usr/lib/python3/dist-packages/colcon_core/task/python/colcon_distutils_commands:/home/redkedy/ros2_ws/src/install/uav_pack/lib/python3.10/site-packages:${PYTHONPATH} /usr/bin/python3 -W ignore:setup.py install is deprecated -W ignore:easy_install command is deprecated setup.py egg_info --egg-base ../build/uav_pack build --build-base /home/redkedy/ros2_ws/src/build/uav_pack/build install --record /home/redkedy/ros2_ws/src/build/uav_pack/install.log --single-version-externally-managed install_data
[0.489s] running egg_info
[0.490s] writing ../build/uav_pack/uav_pack.egg-info/PKG-INFO
[0.490s] writing dependency_links to ../build/uav_pack/uav_pack.egg-info/dependency_links.txt
[0.490s] writing entry points to ../build/uav_pack/uav_pack.egg-info/entry_points.txt
[0.490s] writing requirements to ../build/uav_pack/uav_pack.egg-info/requires.txt
[0.490s] writing top-level names to ../build/uav_pack/uav_pack.egg-info/top_level.txt
[0.491s] reading manifest file '../build/uav_pack/uav_pack.egg-info/SOURCES.txt'
[0.491s] adding license file 'LICENSE'
[0.491s] writing manifest file '../build/uav_pack/uav_pack.egg-info/SOURCES.txt'
[0.491s] running build
[0.492s] running build_py
[0.492s] copying uav_pack/uav_node.py -> /home/redkedy/ros2_ws/src/build/uav_pack/build/lib/uav_pack
[0.492s] running install
[0.492s] running install_lib
[0.492s] copying /home/redkedy/ros2_ws/src/build/uav_pack/build/lib/uav_pack/uav_node.py -> /home/redkedy/ros2_ws/src/install/uav_pack/lib/python3.10/site-packages/uav_pack
[0.493s] byte-compiling /home/redkedy/ros2_ws/src/install/uav_pack/lib/python3.10/site-packages/uav_pack/uav_node.py to uav_node.cpython-310.pyc
[0.495s]   File "/home/redkedy/ros2_ws/src/install/uav_pack/lib/python3.10/site-packages/uav_pack/uav_node.py", line 224
[0.495s]     pbest = [Point(); pbest[i].x=pos[i].x; pbest[i].y=pos[i].y; pbest[i].z=pos[i].z
[0.495s]                     ^
[0.495s] SyntaxError: invalid syntax
[0.495s] 
[0.495s] running install_data
[0.495s] running install_egg_info
[0.496s] removing '/home/redkedy/ros2_ws/src/install/uav_pack/lib/python3.10/site-packages/uav_pack-0.0.0-py3.10.egg-info' (and everything under it)
[0.496s] Copying ../build/uav_pack/uav_pack.egg-info to /home/redkedy/ros2_ws/src/install/uav_pack/lib/python3.10/site-packages/uav_pack-0.0.0-py3.10.egg-info
[0.496s] running install_scripts
[0.509s] Installing my_node script to /home/redkedy/ros2_ws/src/install/uav_pack/lib/uav_pack
[0.509s] Installing uav_node script to /home/redkedy/ros2_ws/src/install/uav_pack/lib/uav_pack
[0.509s] writing list of installed files to '/home/redkedy/ros2_ws/src/build/uav_pack/install.log'
[0.525s] Invoked command in '/home/redkedy/ros2_ws/src/uav_pack' returned '0': PYTHONPATH=/home/redkedy/ros2_ws/src/build/uav_pack/prefix_override:/usr/lib/python3/dist-packages/colcon_core/task/python/colcon_distutils_commands:/home/redkedy/ros2_ws/src/install/uav_pack/lib/python3.10/site-packages:${PYTHONPATH} /usr/bin/python3 -W ignore:setup.py install is deprecated -W ignore:easy_install command is deprecated setup.py egg_info --egg-base ../build/uav_pack build --build-base /home/redkedy/ros2_ws/src/build/uav_pack/build install --record /home/redkedy/ros2_ws/src/build/uav_pack/install.log --single-version-externally-managed install_data
