[0.373s] Invoking command in '/home/redkedy/ros2_ws/src/uav_pack': PYTHONPATH=/home/redkedy/ros2_ws/build/uav_pack/prefix_override:/usr/lib/python3/dist-packages/colcon_core/task/python/colcon_distutils_commands:/home/redkedy/ros2_ws/install/uav_pack/lib/python3.10/site-packages:${PYTHONPATH} /usr/bin/python3 -W ignore:setup.py install is deprecated -W ignore:easy_install command is deprecated setup.py egg_info --egg-base ../../build/uav_pack build --build-base /home/redkedy/ros2_ws/build/uav_pack/build install --record /home/redkedy/ros2_ws/build/uav_pack/install.log --single-version-externally-managed install_data
[0.521s] running egg_info
[0.522s] writing ../../build/uav_pack/uav_pack.egg-info/PKG-INFO
[0.522s] writing dependency_links to ../../build/uav_pack/uav_pack.egg-info/dependency_links.txt
[0.522s] writing entry points to ../../build/uav_pack/uav_pack.egg-info/entry_points.txt
[0.522s] writing requirements to ../../build/uav_pack/uav_pack.egg-info/requires.txt
[0.522s] writing top-level names to ../../build/uav_pack/uav_pack.egg-info/top_level.txt
[0.523s] reading manifest file '../../build/uav_pack/uav_pack.egg-info/SOURCES.txt'
[0.523s] adding license file 'LICENSE'
[0.523s] writing manifest file '../../build/uav_pack/uav_pack.egg-info/SOURCES.txt'
[0.524s] running build
[0.524s] running build_py
[0.524s] copying uav_pack/uav_node.py -> /home/redkedy/ros2_ws/build/uav_pack/build/lib/uav_pack
[0.524s] running install
[0.524s] running install_lib
[0.524s] copying /home/redkedy/ros2_ws/build/uav_pack/build/lib/uav_pack/uav_node.py -> /home/redkedy/ros2_ws/install/uav_pack/lib/python3.10/site-packages/uav_pack
[0.525s] byte-compiling /home/redkedy/ros2_ws/install/uav_pack/lib/python3.10/site-packages/uav_pack/uav_node.py to uav_node.cpython-310.pyc
[0.529s] running install_data
[0.529s] running install_egg_info
[0.530s] removing '/home/redkedy/ros2_ws/install/uav_pack/lib/python3.10/site-packages/uav_pack-0.0.0-py3.10.egg-info' (and everything under it)
[0.530s] Copying ../../build/uav_pack/uav_pack.egg-info to /home/redkedy/ros2_ws/install/uav_pack/lib/python3.10/site-packages/uav_pack-0.0.0-py3.10.egg-info
[0.531s] running install_scripts
[0.545s] Installing my_node script to /home/redkedy/ros2_ws/install/uav_pack/lib/uav_pack
[0.545s] Installing uav_node script to /home/redkedy/ros2_ws/install/uav_pack/lib/uav_pack
[0.545s] writing list of installed files to '/home/redkedy/ros2_ws/build/uav_pack/install.log'
[0.561s] Invoked command in '/home/redkedy/ros2_ws/src/uav_pack' returned '0': PYTHONPATH=/home/redkedy/ros2_ws/build/uav_pack/prefix_override:/usr/lib/python3/dist-packages/colcon_core/task/python/colcon_distutils_commands:/home/redkedy/ros2_ws/install/uav_pack/lib/python3.10/site-packages:${PYTHONPATH} /usr/bin/python3 -W ignore:setup.py install is deprecated -W ignore:easy_install command is deprecated setup.py egg_info --egg-base ../../build/uav_pack build --build-base /home/redkedy/ros2_ws/build/uav_pack/build install --record /home/redkedy/ros2_ws/build/uav_pack/install.log --single-version-externally-managed install_data
