[0.327s] Invoking command in '/home/ubuntu22/Desktop/Proje/rosR/Proje/ros2_ws/src/uav_pack': PYTHONPATH=/home/ubuntu22/Desktop/Proje/rosR/Proje/ros2_ws/build/uav_pack/prefix_override:/usr/lib/python3/dist-packages/colcon_core/task/python/colcon_distutils_commands:/home/ubuntu22/Desktop/Proje/rosR/Proje/ros2_ws/install/uav_pack/lib/python3.10/site-packages:${PYTHONPATH} /usr/bin/python3 -W ignore:setup.py install is deprecated -W ignore:easy_install command is deprecated setup.py egg_info --egg-base ../../build/uav_pack build --build-base /home/ubuntu22/Desktop/Proje/rosR/Proje/ros2_ws/build/uav_pack/build install --record /home/ubuntu22/Desktop/Proje/rosR/Proje/ros2_ws/build/uav_pack/install.log --single-version-externally-managed install_data
[0.451s] running egg_info
[0.451s] writing ../../build/uav_pack/uav_pack.egg-info/PKG-INFO
[0.451s] writing dependency_links to ../../build/uav_pack/uav_pack.egg-info/dependency_links.txt
[0.451s] writing entry points to ../../build/uav_pack/uav_pack.egg-info/entry_points.txt
[0.451s] writing requirements to ../../build/uav_pack/uav_pack.egg-info/requires.txt
[0.451s] writing top-level names to ../../build/uav_pack/uav_pack.egg-info/top_level.txt
[0.452s] reading manifest file '../../build/uav_pack/uav_pack.egg-info/SOURCES.txt'
[0.453s] adding license file 'LICENSE'
[0.453s] writing manifest file '../../build/uav_pack/uav_pack.egg-info/SOURCES.txt'
[0.453s] running build
[0.453s] running build_py
[0.454s] copying uav_pack/uav_node.py -> /home/ubuntu22/Desktop/Proje/rosR/Proje/ros2_ws/build/uav_pack/build/lib/uav_pack
[0.454s] running install
[0.454s] running install_lib
[0.454s] copying /home/ubuntu22/Desktop/Proje/rosR/Proje/ros2_ws/build/uav_pack/build/lib/uav_pack/uav_node.py -> /home/ubuntu22/Desktop/Proje/rosR/Proje/ros2_ws/install/uav_pack/lib/python3.10/site-packages/uav_pack
[0.455s] byte-compiling /home/ubuntu22/Desktop/Proje/rosR/Proje/ros2_ws/install/uav_pack/lib/python3.10/site-packages/uav_pack/uav_node.py to uav_node.cpython-310.pyc
[0.460s] running install_data
[0.460s] running install_egg_info
[0.461s] removing '/home/ubuntu22/Desktop/Proje/rosR/Proje/ros2_ws/install/uav_pack/lib/python3.10/site-packages/uav_pack-0.0.0-py3.10.egg-info' (and everything under it)
[0.461s] Copying ../../build/uav_pack/uav_pack.egg-info to /home/ubuntu22/Desktop/Proje/rosR/Proje/ros2_ws/install/uav_pack/lib/python3.10/site-packages/uav_pack-0.0.0-py3.10.egg-info
[0.461s] running install_scripts
[0.473s] Installing my_node script to /home/ubuntu22/Desktop/Proje/rosR/Proje/ros2_ws/install/uav_pack/lib/uav_pack
[0.474s] Installing uav_node script to /home/ubuntu22/Desktop/Proje/rosR/Proje/ros2_ws/install/uav_pack/lib/uav_pack
[0.474s] writing list of installed files to '/home/ubuntu22/Desktop/Proje/rosR/Proje/ros2_ws/build/uav_pack/install.log'
[0.488s] Invoked command in '/home/ubuntu22/Desktop/Proje/rosR/Proje/ros2_ws/src/uav_pack' returned '0': PYTHONPATH=/home/ubuntu22/Desktop/Proje/rosR/Proje/ros2_ws/build/uav_pack/prefix_override:/usr/lib/python3/dist-packages/colcon_core/task/python/colcon_distutils_commands:/home/ubuntu22/Desktop/Proje/rosR/Proje/ros2_ws/install/uav_pack/lib/python3.10/site-packages:${PYTHONPATH} /usr/bin/python3 -W ignore:setup.py install is deprecated -W ignore:easy_install command is deprecated setup.py egg_info --egg-base ../../build/uav_pack build --build-base /home/ubuntu22/Desktop/Proje/rosR/Proje/ros2_ws/build/uav_pack/build install --record /home/ubuntu22/Desktop/Proje/rosR/Proje/ros2_ws/build/uav_pack/install.log --single-version-externally-managed install_data
