[0.064s] DEBUG:colcon:Command line arguments: ['/usr/bin/colcon', 'build']
[0.064s] DEBUG:colcon:Parsed command line arguments: Namespace(log_base=None, log_level=None, verb_name='build', build_base='build', install_base='install', merge_install=False, symlink_install=False, test_result_base=None, continue_on_error=False, executor='parallel', parallel_workers=12, event_handlers=None, ignore_user_meta=False, metas=['./colcon.meta'], base_paths=['.'], packages_ignore=None, packages_ignore_regex=None, paths=None, packages_up_to=None, packages_up_to_regex=None, packages_above=None, packages_above_and_dependencies=None, packages_above_depth=None, packages_select_by_dep=None, packages_skip_by_dep=None, packages_skip_up_to=None, packages_select_build_failed=False, packages_skip_build_finished=False, packages_select_test_failures=False, packages_skip_test_passed=False, packages_select=None, packages_skip=None, packages_select_regex=None, packages_skip_regex=None, packages_start=None, packages_end=None, allow_overriding=[], cmake_args=None, cmake_target=None, cmake_target_skip_unavailable=False, cmake_clean_cache=False, cmake_clean_first=False, cmake_force_configure=False, ament_cmake_args=None, catkin_cmake_args=None, catkin_skip_building_tests=False, mixin_files=None, mixin=None, verb_parser=<colcon_mixin.mixin.mixin_argument.MixinArgumentDecorator object at 0x7e653ad21540>, verb_extension=<colcon_core.verb.build.BuildVerb object at 0x7e653ae26410>, main=<bound method BuildVerb.main of <colcon_core.verb.build.BuildVerb object at 0x7e653ae26410>>, mixin_verb=('build',))
[0.158s] Level 1:colcon.colcon_core.package_discovery:discover_packages(colcon_meta) check parameters
[0.158s] Level 1:colcon.colcon_core.package_discovery:discover_packages(recursive) check parameters
[0.158s] Level 1:colcon.colcon_core.package_discovery:discover_packages(ignore) check parameters
[0.158s] Level 1:colcon.colcon_core.package_discovery:discover_packages(path) check parameters
[0.158s] Level 1:colcon.colcon_core.package_discovery:discover_packages(colcon_meta) discover
[0.158s] Level 1:colcon.colcon_core.package_discovery:discover_packages(recursive) discover
[0.158s] INFO:colcon.colcon_core.package_discovery:Crawling recursively for packages in '/home/redkedy/Downloads/Proje3/Proje/Proje/ros2_ws'
[0.158s] Level 1:colcon.colcon_core.package_identification:_identify(.) by extensions ['ignore', 'ignore_ament_install']
[0.158s] Level 1:colcon.colcon_core.package_identification:_identify(.) by extension 'ignore'
[0.158s] Level 1:colcon.colcon_core.package_identification:_identify(.) by extension 'ignore_ament_install'
[0.158s] Level 1:colcon.colcon_core.package_identification:_identify(.) by extensions ['colcon_pkg']
[0.158s] Level 1:colcon.colcon_core.package_identification:_identify(.) by extension 'colcon_pkg'
[0.158s] Level 1:colcon.colcon_core.package_identification:_identify(.) by extensions ['colcon_meta']
[0.158s] Level 1:colcon.colcon_core.package_identification:_identify(.) by extension 'colcon_meta'
[0.158s] Level 1:colcon.colcon_core.package_identification:_identify(.) by extensions ['ros']
[0.158s] Level 1:colcon.colcon_core.package_identification:_identify(.) by extension 'ros'
[0.165s] Level 1:colcon.colcon_core.package_identification:_identify(.) by extensions ['cmake', 'python']
[0.165s] Level 1:colcon.colcon_core.package_identification:_identify(.) by extension 'cmake'
[0.165s] Level 1:colcon.colcon_core.package_identification:_identify(.) by extension 'python'
[0.165s] Level 1:colcon.colcon_core.package_identification:_identify(.) by extensions ['python_setup_py']
[0.165s] Level 1:colcon.colcon_core.package_identification:_identify(.) by extension 'python_setup_py'
[0.165s] Level 1:colcon.colcon_core.package_identification:_identify(build) by extensions ['ignore', 'ignore_ament_install']
[0.165s] Level 1:colcon.colcon_core.package_identification:_identify(build) by extension 'ignore'
[0.165s] Level 1:colcon.colcon_core.package_identification:_identify(build) ignored
[0.165s] Level 1:colcon.colcon_core.package_identification:_identify(install) by extensions ['ignore', 'ignore_ament_install']
[0.165s] Level 1:colcon.colcon_core.package_identification:_identify(install) by extension 'ignore'
[0.165s] Level 1:colcon.colcon_core.package_identification:_identify(install) ignored
[0.166s] Level 1:colcon.colcon_core.package_identification:_identify(log) by extensions ['ignore', 'ignore_ament_install']
[0.166s] Level 1:colcon.colcon_core.package_identification:_identify(log) by extension 'ignore'
[0.166s] Level 1:colcon.colcon_core.package_identification:_identify(log) ignored
[0.166s] Level 1:colcon.colcon_core.package_identification:_identify(src) by extensions ['ignore', 'ignore_ament_install']
[0.166s] Level 1:colcon.colcon_core.package_identification:_identify(src) by extension 'ignore'
[0.166s] Level 1:colcon.colcon_core.package_identification:_identify(src) by extension 'ignore_ament_install'
[0.166s] Level 1:colcon.colcon_core.package_identification:_identify(src) by extensions ['colcon_pkg']
[0.166s] Level 1:colcon.colcon_core.package_identification:_identify(src) by extension 'colcon_pkg'
[0.166s] Level 1:colcon.colcon_core.package_identification:_identify(src) by extensions ['colcon_meta']
[0.166s] Level 1:colcon.colcon_core.package_identification:_identify(src) by extension 'colcon_meta'
[0.166s] Level 1:colcon.colcon_core.package_identification:_identify(src) by extensions ['ros']
[0.166s] Level 1:colcon.colcon_core.package_identification:_identify(src) by extension 'ros'
[0.166s] Level 1:colcon.colcon_core.package_identification:_identify(src) by extensions ['cmake', 'python']
[0.166s] Level 1:colcon.colcon_core.package_identification:_identify(src) by extension 'cmake'
[0.166s] Level 1:colcon.colcon_core.package_identification:_identify(src) by extension 'python'
[0.166s] Level 1:colcon.colcon_core.package_identification:_identify(src) by extensions ['python_setup_py']
[0.166s] Level 1:colcon.colcon_core.package_identification:_identify(src) by extension 'python_setup_py'
[0.166s] Level 1:colcon.colcon_core.package_identification:_identify(src/build) by extensions ['ignore', 'ignore_ament_install']
[0.166s] Level 1:colcon.colcon_core.package_identification:_identify(src/build) by extension 'ignore'
[0.166s] Level 1:colcon.colcon_core.package_identification:_identify(src/build) ignored
[0.166s] Level 1:colcon.colcon_core.package_identification:_identify(src/install) by extensions ['ignore', 'ignore_ament_install']
[0.166s] Level 1:colcon.colcon_core.package_identification:_identify(src/install) by extension 'ignore'
[0.166s] Level 1:colcon.colcon_core.package_identification:_identify(src/install) ignored
[0.166s] Level 1:colcon.colcon_core.package_identification:_identify(src/log) by extensions ['ignore', 'ignore_ament_install']
[0.166s] Level 1:colcon.colcon_core.package_identification:_identify(src/log) by extension 'ignore'
[0.166s] Level 1:colcon.colcon_core.package_identification:_identify(src/log) ignored
[0.167s] Level 1:colcon.colcon_core.package_identification:_identify(src/uav_pack) by extensions ['ignore', 'ignore_ament_install']
[0.167s] Level 1:colcon.colcon_core.package_identification:_identify(src/uav_pack) by extension 'ignore'
[0.167s] Level 1:colcon.colcon_core.package_identification:_identify(src/uav_pack) by extension 'ignore_ament_install'
[0.167s] Level 1:colcon.colcon_core.package_identification:_identify(src/uav_pack) by extensions ['colcon_pkg']
[0.167s] Level 1:colcon.colcon_core.package_identification:_identify(src/uav_pack) by extension 'colcon_pkg'
[0.167s] Level 1:colcon.colcon_core.package_identification:_identify(src/uav_pack) by extensions ['colcon_meta']
[0.167s] Level 1:colcon.colcon_core.package_identification:_identify(src/uav_pack) by extension 'colcon_meta'
[0.167s] Level 1:colcon.colcon_core.package_identification:_identify(src/uav_pack) by extensions ['ros']
[0.167s] Level 1:colcon.colcon_core.package_identification:_identify(src/uav_pack) by extension 'ros'
[0.168s] DEBUG:colcon.colcon_core.package_identification:Package 'src/uav_pack' with type 'ros.ament_python' and name 'uav_pack'
[0.168s] Level 1:colcon.colcon_core.package_discovery:discover_packages(recursive) using defaults
[0.169s] Level 1:colcon.colcon_core.package_discovery:discover_packages(ignore) discover
[0.169s] Level 1:colcon.colcon_core.package_discovery:discover_packages(ignore) using defaults
[0.169s] Level 1:colcon.colcon_core.package_discovery:discover_packages(path) discover
[0.169s] Level 1:colcon.colcon_core.package_discovery:discover_packages(path) using defaults
[0.189s] Level 1:colcon.colcon_core.package_discovery:discover_packages(prefix_path) check parameters
[0.189s] Level 1:colcon.colcon_core.package_discovery:discover_packages(prefix_path) discover
[0.190s] DEBUG:colcon.colcon_installed_package_information.package_discovery:Found 1 installed packages in /home/redkedy/Downloads/Proje3/Proje/Proje/ros2_ws/install
[0.190s] DEBUG:colcon.colcon_installed_package_information.package_discovery:Found 271 installed packages in /opt/ros/humble
[0.191s] Level 1:colcon.colcon_core.package_discovery:discover_packages(prefix_path) using defaults
[0.212s] Level 5:colcon.colcon_core.verb:set package 'uav_pack' build argument 'cmake_args' from command line to 'None'
[0.212s] Level 5:colcon.colcon_core.verb:set package 'uav_pack' build argument 'cmake_target' from command line to 'None'
[0.212s] Level 5:colcon.colcon_core.verb:set package 'uav_pack' build argument 'cmake_target_skip_unavailable' from command line to 'False'
[0.212s] Level 5:colcon.colcon_core.verb:set package 'uav_pack' build argument 'cmake_clean_cache' from command line to 'False'
[0.212s] Level 5:colcon.colcon_core.verb:set package 'uav_pack' build argument 'cmake_clean_first' from command line to 'False'
[0.213s] Level 5:colcon.colcon_core.verb:set package 'uav_pack' build argument 'cmake_force_configure' from command line to 'False'
[0.213s] Level 5:colcon.colcon_core.verb:set package 'uav_pack' build argument 'ament_cmake_args' from command line to 'None'
[0.213s] Level 5:colcon.colcon_core.verb:set package 'uav_pack' build argument 'catkin_cmake_args' from command line to 'None'
[0.213s] Level 5:colcon.colcon_core.verb:set package 'uav_pack' build argument 'catkin_skip_building_tests' from command line to 'False'
[0.213s] DEBUG:colcon.colcon_core.verb:Building package 'uav_pack' with the following arguments: {'ament_cmake_args': None, 'build_base': '/home/redkedy/Downloads/Proje3/Proje/Proje/ros2_ws/build/uav_pack', 'catkin_cmake_args': None, 'catkin_skip_building_tests': False, 'cmake_args': None, 'cmake_clean_cache': False, 'cmake_clean_first': False, 'cmake_force_configure': False, 'cmake_target': None, 'cmake_target_skip_unavailable': False, 'install_base': '/home/redkedy/Downloads/Proje3/Proje/Proje/ros2_ws/install/uav_pack', 'merge_install': False, 'path': '/home/redkedy/Downloads/Proje3/Proje/Proje/ros2_ws/src/uav_pack', 'symlink_install': False, 'test_result_base': None}
[0.213s] INFO:colcon.colcon_core.executor:Executing jobs using 'parallel' executor
[0.213s] DEBUG:colcon.colcon_parallel_executor.executor.parallel:run_until_complete
[0.213s] INFO:colcon.colcon_ros.task.ament_python.build:Building ROS package in '/home/redkedy/Downloads/Proje3/Proje/Proje/ros2_ws/src/uav_pack' with build type 'ament_python'
[0.214s] Level 1:colcon.colcon_core.shell:create_environment_hook('uav_pack', 'ament_prefix_path')
[0.215s] INFO:colcon.colcon_core.plugin_system:Skipping extension 'colcon_core.shell.bat': Not used on non-Windows systems
[0.215s] INFO:colcon.colcon_core.shell:Creating environment hook '/home/redkedy/Downloads/Proje3/Proje/Proje/ros2_ws/install/uav_pack/share/uav_pack/hook/ament_prefix_path.ps1'
[0.215s] INFO:colcon.colcon_core.shell:Creating environment descriptor '/home/redkedy/Downloads/Proje3/Proje/Proje/ros2_ws/install/uav_pack/share/uav_pack/hook/ament_prefix_path.dsv'
[0.215s] INFO:colcon.colcon_core.shell:Creating environment hook '/home/redkedy/Downloads/Proje3/Proje/Proje/ros2_ws/install/uav_pack/share/uav_pack/hook/ament_prefix_path.sh'
[0.216s] INFO:colcon.colcon_core.shell:Skip shell extension 'powershell' for command environment: Not usable outside of PowerShell
[0.216s] DEBUG:colcon.colcon_core.shell:Skip shell extension 'dsv' for command environment
[0.369s] INFO:colcon.colcon_core.task.python.build:Building Python package in '/home/redkedy/Downloads/Proje3/Proje/Proje/ros2_ws/src/uav_pack'
[0.369s] INFO:colcon.colcon_core.shell:Skip shell extension 'powershell' for command environment: Not usable outside of PowerShell
[0.369s] DEBUG:colcon.colcon_core.shell:Skip shell extension 'dsv' for command environment
[0.559s] DEBUG:colcon.colcon_core.event_handler.log_command:Invoking command in '/home/redkedy/Downloads/Proje3/Proje/Proje/ros2_ws/src/uav_pack': PYTHONPATH=/home/redkedy/Downloads/Proje3/Proje/Proje/ros2_ws/build/uav_pack/prefix_override:/usr/lib/python3/dist-packages/colcon_core/task/python/colcon_distutils_commands:/home/redkedy/Downloads/Proje3/Proje/Proje/ros2_ws/install/uav_pack/lib/python3.10/site-packages:${PYTHONPATH} /usr/bin/python3 -W ignore:setup.py install is deprecated -W ignore:easy_install command is deprecated setup.py egg_info --egg-base ../../build/uav_pack build --build-base /home/redkedy/Downloads/Proje3/Proje/Proje/ros2_ws/build/uav_pack/build install --record /home/redkedy/Downloads/Proje3/Proje/Proje/ros2_ws/build/uav_pack/install.log --single-version-externally-managed install_data
[0.728s] DEBUG:colcon.colcon_core.event_handler.log_command:Invoked command in '/home/redkedy/Downloads/Proje3/Proje/Proje/ros2_ws/src/uav_pack' returned '0': PYTHONPATH=/home/redkedy/Downloads/Proje3/Proje/Proje/ros2_ws/build/uav_pack/prefix_override:/usr/lib/python3/dist-packages/colcon_core/task/python/colcon_distutils_commands:/home/redkedy/Downloads/Proje3/Proje/Proje/ros2_ws/install/uav_pack/lib/python3.10/site-packages:${PYTHONPATH} /usr/bin/python3 -W ignore:setup.py install is deprecated -W ignore:easy_install command is deprecated setup.py egg_info --egg-base ../../build/uav_pack build --build-base /home/redkedy/Downloads/Proje3/Proje/Proje/ros2_ws/build/uav_pack/build install --record /home/redkedy/Downloads/Proje3/Proje/Proje/ros2_ws/build/uav_pack/install.log --single-version-externally-managed install_data
[0.729s] Level 1:colcon.colcon_core.environment:checking '/home/redkedy/Downloads/Proje3/Proje/Proje/ros2_ws/install/uav_pack' for CMake module files
[0.729s] Level 1:colcon.colcon_core.environment:checking '/home/redkedy/Downloads/Proje3/Proje/Proje/ros2_ws/install/uav_pack' for CMake config files
[0.730s] Level 1:colcon.colcon_core.environment:checking '/home/redkedy/Downloads/Proje3/Proje/Proje/ros2_ws/install/uav_pack/lib'
[0.730s] Level 1:colcon.colcon_core.environment:checking '/home/redkedy/Downloads/Proje3/Proje/Proje/ros2_ws/install/uav_pack/bin'
[0.730s] Level 1:colcon.colcon_core.environment:checking '/home/redkedy/Downloads/Proje3/Proje/Proje/ros2_ws/install/uav_pack/lib/pkgconfig/uav_pack.pc'
[0.730s] Level 1:colcon.colcon_core.environment:checking '/home/redkedy/Downloads/Proje3/Proje/Proje/ros2_ws/install/uav_pack/lib/python3.10/site-packages'
[0.730s] Level 1:colcon.colcon_core.shell:create_environment_hook('uav_pack', 'pythonpath')
[0.730s] INFO:colcon.colcon_core.shell:Creating environment hook '/home/redkedy/Downloads/Proje3/Proje/Proje/ros2_ws/install/uav_pack/share/uav_pack/hook/pythonpath.ps1'
[0.731s] INFO:colcon.colcon_core.shell:Creating environment descriptor '/home/redkedy/Downloads/Proje3/Proje/Proje/ros2_ws/install/uav_pack/share/uav_pack/hook/pythonpath.dsv'
[0.731s] INFO:colcon.colcon_core.shell:Creating environment hook '/home/redkedy/Downloads/Proje3/Proje/Proje/ros2_ws/install/uav_pack/share/uav_pack/hook/pythonpath.sh'
[0.731s] Level 1:colcon.colcon_core.environment:checking '/home/redkedy/Downloads/Proje3/Proje/Proje/ros2_ws/install/uav_pack/bin'
[0.731s] Level 1:colcon.colcon_core.environment:create_environment_scripts_only(uav_pack)
[0.731s] INFO:colcon.colcon_core.shell:Creating package script '/home/redkedy/Downloads/Proje3/Proje/Proje/ros2_ws/install/uav_pack/share/uav_pack/package.ps1'
[0.732s] INFO:colcon.colcon_core.shell:Creating package descriptor '/home/redkedy/Downloads/Proje3/Proje/Proje/ros2_ws/install/uav_pack/share/uav_pack/package.dsv'
[0.732s] INFO:colcon.colcon_core.shell:Creating package script '/home/redkedy/Downloads/Proje3/Proje/Proje/ros2_ws/install/uav_pack/share/uav_pack/package.sh'
[0.733s] INFO:colcon.colcon_core.shell:Creating package script '/home/redkedy/Downloads/Proje3/Proje/Proje/ros2_ws/install/uav_pack/share/uav_pack/package.bash'
[0.733s] INFO:colcon.colcon_core.shell:Creating package script '/home/redkedy/Downloads/Proje3/Proje/Proje/ros2_ws/install/uav_pack/share/uav_pack/package.zsh'
[0.734s] Level 1:colcon.colcon_core.environment:create_file_with_runtime_dependencies(/home/redkedy/Downloads/Proje3/Proje/Proje/ros2_ws/install/uav_pack/share/colcon-core/packages/uav_pack)
[0.734s] DEBUG:colcon.colcon_parallel_executor.executor.parallel:closing loop
[0.734s] DEBUG:colcon.colcon_parallel_executor.executor.parallel:loop closed
[0.734s] DEBUG:colcon.colcon_parallel_executor.executor.parallel:run_until_complete finished with '0'
[0.734s] DEBUG:colcon.colcon_core.event_reactor:joining thread
[0.737s] INFO:colcon.colcon_core.plugin_system:Skipping extension 'colcon_notification.desktop_notification.terminal_notifier': Not used on non-Darwin systems
[0.737s] INFO:colcon.colcon_core.plugin_system:Skipping extension 'colcon_notification.desktop_notification.win32': Not used on non-Windows systems
[0.737s] INFO:colcon.colcon_notification.desktop_notification:Sending desktop notification using 'notify2'
[0.745s] DEBUG:colcon.colcon_core.event_reactor:joined thread
[0.745s] INFO:colcon.colcon_core.shell:Creating prefix script '/home/redkedy/Downloads/Proje3/Proje/Proje/ros2_ws/install/local_setup.ps1'
[0.746s] INFO:colcon.colcon_core.shell:Creating prefix util module '/home/redkedy/Downloads/Proje3/Proje/Proje/ros2_ws/install/_local_setup_util_ps1.py'
[0.747s] INFO:colcon.colcon_core.shell:Creating prefix chain script '/home/redkedy/Downloads/Proje3/Proje/Proje/ros2_ws/install/setup.ps1'
[0.747s] INFO:colcon.colcon_core.shell:Creating prefix script '/home/redkedy/Downloads/Proje3/Proje/Proje/ros2_ws/install/local_setup.sh'
[0.748s] INFO:colcon.colcon_core.shell:Creating prefix util module '/home/redkedy/Downloads/Proje3/Proje/Proje/ros2_ws/install/_local_setup_util_sh.py'
[0.748s] INFO:colcon.colcon_core.shell:Creating prefix chain script '/home/redkedy/Downloads/Proje3/Proje/Proje/ros2_ws/install/setup.sh'
[0.749s] INFO:colcon.colcon_core.shell:Creating prefix script '/home/redkedy/Downloads/Proje3/Proje/Proje/ros2_ws/install/local_setup.bash'
[0.749s] INFO:colcon.colcon_core.shell:Creating prefix chain script '/home/redkedy/Downloads/Proje3/Proje/Proje/ros2_ws/install/setup.bash'
[0.749s] INFO:colcon.colcon_core.shell:Creating prefix script '/home/redkedy/Downloads/Proje3/Proje/Proje/ros2_ws/install/local_setup.zsh'
[0.750s] INFO:colcon.colcon_core.shell:Creating prefix chain script '/home/redkedy/Downloads/Proje3/Proje/Proje/ros2_ws/install/setup.zsh'
